<?xml version="1.0" encoding="UTF-8"?>
<!-- Generated by org.testng.reporters.JUnitReportReporter -->
<testsuite skipped="0" hostname="HYL-777577" name="academy.base" tests="1" failures="0" timestamp="29 Sep 2021 12:13:34 GMT" time="0.008" errors="0">
  <testcase name="initializeDriver" time="0.008" classname="academy.base"/>
</testsuite> <!-- academy.base -->
