<?xml version="1.0" encoding="UTF-8"?>
<!-- Generated by org.testng.reporters.JUnitReportReporter -->
<testsuite skipped="0" hostname="HYL-777577" name="academy.ValidateNavigationBar" tests="1" failures="0" timestamp="03 Oct 2021 07:31:29 GMT" time="0.054" errors="0">
  <testcase name="PageNavigationBar" time="0.054" classname="academy.ValidateNavigationBar"/>
</testsuite> <!-- academy.ValidateNavigationBar -->
