<?xml version="1.0" encoding="UTF-8"?>
<!-- Generated by org.testng.reporters.JUnitReportReporter -->
<testsuite skipped="0" hostname="HYL-777577" name="academy.HomePage" tests="2" failures="0" timestamp="03 Oct 2021 07:31:29 GMT" time="32.222" errors="0">
  <testcase name="loginPage" time="20.752" classname="academy.HomePage"/>
  <testcase name="loginPage" time="11.470" classname="academy.HomePage"/>
</testsuite> <!-- academy.HomePage -->
