<?xml version="1.0" encoding="UTF-8"?>
<!-- Generated by org.testng.reporters.JUnitReportReporter -->
<testsuite skipped="0" hostname="HYL-777577" name="academy.HomePage" tests="2" failures="0" timestamp="2021-10-05T18:41:56 IST" time="39.056" errors="0">
  <testcase name="loginPage" time="30.081" classname="academy.HomePage"/>
  <system-out/>
  <testcase name="loginPage" time="8.975" classname="academy.HomePage"/>
  <system-out/>
</testsuite> <!-- academy.HomePage -->
