<?xml version="1.0" encoding="UTF-8"?>
<!-- Generated by org.testng.reporters.JUnitReportReporter -->
<testsuite skipped="0" hostname="HYL-777577" name="academy.ValidateNavigationBar" tests="1" failures="0" timestamp="2021-10-05T18:41:56 IST" time="0.066" errors="0">
  <testcase name="PageNavigationBar" time="0.066" classname="academy.ValidateNavigationBar"/>
  <system-out/>
</testsuite> <!-- academy.ValidateNavigationBar -->
